build/app/intermediates/manifest_merge_blame_file/debug/manifest-merger-blame-debug-report.txt
1<?xml version="1.0" encoding="utf-8"?>
2<manifest xmlns:android="http://schemas.android.com/apk/res/android"
3    package="com.team_call"
4    android:versionCode="1"
5    android:versionName="1.0.0" >
6
7    <uses-sdk
8        android:minSdkVersion="21"
9        android:targetSdkVersion="30" />
10    <!--
11         Flutter needs it to communicate with the running application
12         to allow setting breakpoints, to provide hot reload, etc.
13    -->
14    <uses-permission android:name="android.permission.INTERNET" />
14-->src/main/AndroidManifest.xml:5:5-67
14-->src/main/AndroidManifest.xml:5:22-64
15    <uses-permission android:name="android.permission.READ_PHONE_STATE" />
15-->src/main/AndroidManifest.xml:6:5-75
15-->src/main/AndroidManifest.xml:6:22-72
16    <uses-permission android:name="android.permission.READ_CALL_LOG" />
16-->src/main/AndroidManifest.xml:7:5-72
16-->src/main/AndroidManifest.xml:7:22-69
17    <uses-permission android:name="android.permission.WAKE_LOCK" />
17-->src/main/AndroidManifest.xml:8:5-68
17-->src/main/AndroidManifest.xml:8:22-65
18    <uses-permission android:name="android.permission.RECEIVE_BOOT_COMPLETED" />
18-->src/main/AndroidManifest.xml:9:5-80
18-->src/main/AndroidManifest.xml:9:22-78
19    <uses-permission android:name="android.permission.FOREGROUND_SERVICE" />
19-->src/main/AndroidManifest.xml:10:5-76
19-->src/main/AndroidManifest.xml:10:22-74
20    <uses-permission android:name="android.permission.SYSTEM_ALERT_WINDOW" />
20-->src/main/AndroidManifest.xml:11:5-78
20-->src/main/AndroidManifest.xml:11:22-75
21    <uses-permission android:name="android.permission.MANAGE_DOCUMENTS" />
21-->src/main/AndroidManifest.xml:88:5-75
21-->src/main/AndroidManifest.xml:88:22-72
22    <uses-permission android:name="android.permission.VIBRATE" />
22-->[:flutter_incoming_call] AndroidManifest.xml:9:5-66
22-->[:flutter_incoming_call] AndroidManifest.xml:9:22-63
23    <uses-permission android:name="android.permission.PROCESS_OUTGOING_CALLS" />
23-->[:flutter_incoming_call] AndroidManifest.xml:12:5-81
23-->[:flutter_incoming_call] AndroidManifest.xml:12:22-78
24    <uses-permission android:name="android.permission.CALL_PHONE" />
24-->[:flutter_phone_direct_caller] AndroidManifest.xml:9:5-69
24-->[:flutter_phone_direct_caller] AndroidManifest.xml:9:22-66
25
26    <uses-feature
26-->[:flutter_phone_direct_caller] AndroidManifest.xml:11:5-13:36
27        android:name="android.hardware.telephony"
27-->[:flutter_phone_direct_caller] AndroidManifest.xml:12:9-50
28        android:required="false" /> <!-- Although the *SdkVersion is captured in gradle build files, this is required for non gradle builds -->
28-->[:flutter_phone_direct_caller] AndroidManifest.xml:13:9-33
29    <!-- <uses-sdk android:minSdkVersion="14" /> -->
30    <uses-permission android:name="android.permission.ACCESS_NETWORK_STATE" />
30-->[com.google.firebase:firebase-firestore:21.3.0] AndroidManifest.xml:13:5-79
30-->[com.google.firebase:firebase-firestore:21.3.0] AndroidManifest.xml:13:22-76
31    <uses-permission android:name="android.permission.GET_TASKS" />
31-->[com.transistorsoft:tsbackgroundfetch:0.5.2] AndroidManifest.xml:13:5-68
31-->[com.transistorsoft:tsbackgroundfetch:0.5.2] AndroidManifest.xml:13:22-65
32    <uses-permission android:name="com.google.android.finsky.permission.BIND_GET_INSTALL_REFERRER_SERVICE" /> <!-- Required by older versions of Google Play services to create IID tokens -->
32-->[com.google.firebase:firebase-analytics:16.0.1] AndroidManifest.xml:26:5-110
32-->[com.google.firebase:firebase-analytics:16.0.1] AndroidManifest.xml:26:22-107
33    <uses-permission android:name="com.google.android.c2dm.permission.RECEIVE" />
33-->[com.google.firebase:firebase-iid:16.0.0] AndroidManifest.xml:26:5-82
33-->[com.google.firebase:firebase-iid:16.0.0] AndroidManifest.xml:26:22-79
34
35    <permission
35-->[com.google.firebase:firebase-iid:16.0.0] AndroidManifest.xml:28:5-30:47
36        android:name="com.team_call.permission.C2D_MESSAGE"
36-->[com.google.firebase:firebase-iid:16.0.0] AndroidManifest.xml:29:9-63
37        android:protectionLevel="signature" />
37-->[com.google.firebase:firebase-iid:16.0.0] AndroidManifest.xml:30:9-44
38
39    <uses-permission android:name="com.team_call.permission.C2D_MESSAGE" />
39-->[com.google.firebase:firebase-iid:16.0.0] AndroidManifest.xml:32:5-79
39-->[com.google.firebase:firebase-iid:16.0.0] AndroidManifest.xml:32:22-76
40<!--     <uses-permission android:name="android.permission.REQUEST_IGNORE_BATTERY_OPTIMIZATIONS" /> -->
41    <application
41-->src/main/AndroidManifest.xml:15:5-87:19
42        android:name="io.flutter.app.FlutterApplication"
42-->src/main/AndroidManifest.xml:17:9-57
43        android:appComponentFactory="androidx.core.app.CoreComponentFactory"
43-->[androidx.core:core:1.3.0] AndroidManifest.xml:24:18-86
44        android:debuggable="true"
45        android:icon="@mipmap/ic_launcher"
45-->src/main/AndroidManifest.xml:20:9-43
46        android:label="팀콜"
46-->src/main/AndroidManifest.xml:18:9-27
47        android:theme="@style/Theme.AppCompat.Light"
47-->src/main/AndroidManifest.xml:19:9-53
48        android:usesCleartextTraffic="true" >
48-->src/main/AndroidManifest.xml:21:9-44
49
50        <!--
51        <receiver
52            android:name=".MyReceiver"
53            android:enabled="true"
54            android:exported="true">
55            <intent-filter>
56                <action android:name="android.intent.action.PHONE_STATE"></action>
57            </intent-filter>
58        </receiver>
59        -->
60        <activity
60-->src/main/AndroidManifest.xml:32:9-53:20
61            android:name="com.team_call.MainActivity"
61-->src/main/AndroidManifest.xml:33:13-41
62            android:configChanges="orientation|keyboardHidden|keyboard|screenSize|smallestScreenSize|locale|layoutDirection|fontScale|screenLayout|density|uiMode"
62-->src/main/AndroidManifest.xml:36:13-163
63            android:hardwareAccelerated="true"
63-->src/main/AndroidManifest.xml:37:13-47
64            android:launchMode="singleTop"
64-->src/main/AndroidManifest.xml:34:13-43
65            android:theme="@style/LaunchTheme"
65-->src/main/AndroidManifest.xml:35:13-47
66            android:windowSoftInputMode="adjustResize" >
66-->src/main/AndroidManifest.xml:38:13-55
67            <meta-data
67-->src/main/AndroidManifest.xml:40:13-43:17
68                android:name="io.flutter.embedding.android.NormalTheme"
68-->src/main/AndroidManifest.xml:41:15-70
69                android:resource="@style/NormalTheme" />
69-->src/main/AndroidManifest.xml:42:15-52
70            <meta-data
70-->src/main/AndroidManifest.xml:45:13-48:17
71                android:name="io.flutter.embedding.android.SplashScreenDrawable"
71-->src/main/AndroidManifest.xml:46:15-79
72                android:resource="@drawable/launch_background" />
72-->src/main/AndroidManifest.xml:47:15-61
73
74            <intent-filter>
74-->src/main/AndroidManifest.xml:49:13-52:29
75                <action android:name="android.intent.action.MAIN" />
75-->src/main/AndroidManifest.xml:50:17-68
75-->src/main/AndroidManifest.xml:50:25-66
76
77                <category android:name="android.intent.category.LAUNCHER" />
77-->src/main/AndroidManifest.xml:51:17-76
77-->src/main/AndroidManifest.xml:51:27-74
78            </intent-filter>
79        </activity>
80
81        <meta-data
81-->src/main/AndroidManifest.xml:55:9-57:33
82            android:name="flutterEmbedding"
82-->src/main/AndroidManifest.xml:56:13-44
83            android:value="2" />
83-->src/main/AndroidManifest.xml:57:13-30
84
85        <activity
85-->src/main/AndroidManifest.xml:58:9-66:20
86            android:name="com.teamcall.flutter_incoming_call.IncomingCallActivity"
86-->src/main/AndroidManifest.xml:59:13-83
87            android:screenOrientation="portrait"
87-->src/main/AndroidManifest.xml:61:13-49
88            android:theme="@style/Theme.AppCompat.Light" >
88-->src/main/AndroidManifest.xml:60:13-57
89            <intent-filter>
89-->src/main/AndroidManifest.xml:62:13-65:29
90                <action android:name="com.teamcall.flutter_incoming_call.activity.ACTION_INCOMING_CALL" />
90-->src/main/AndroidManifest.xml:63:17-107
90-->src/main/AndroidManifest.xml:63:25-104
91
92                <category android:name="android.intent.category.DEFAULT" />
92-->src/main/AndroidManifest.xml:64:17-76
92-->src/main/AndroidManifest.xml:64:27-73
93            </intent-filter>
94        </activity>
95
96        <service
96-->src/main/AndroidManifest.xml:68:9-72:19
97            android:name="com.teamcall.flutter_incoming_call.CallService"
97-->src/main/AndroidManifest.xml:69:13-74
98            android:enabled="true"
98-->src/main/AndroidManifest.xml:70:13-35
99            android:exported="false" >
99-->src/main/AndroidManifest.xml:71:13-37
100        </service>
101
102        <receiver
102-->src/main/AndroidManifest.xml:74:9-78:20
103            android:name="com.teamcall.flutter_incoming_call.StartReceiver"
103-->src/main/AndroidManifest.xml:74:42-105
104            android:enabled="true" >
104-->src/main/AndroidManifest.xml:74:19-41
105            <intent-filter>
105-->src/main/AndroidManifest.xml:75:13-77:29
106                <action android:name="android.intent.action.BOOT_COMPLETED" />
106-->src/main/AndroidManifest.xml:76:17-78
106-->src/main/AndroidManifest.xml:76:25-76
107            </intent-filter>
108        </receiver>
109        <!--
110        <receiver android:name="com.teamcall.flutter_incoming_call.CallBroadcastReceiver"
111            android:enabled="true" >
112            <intent-filter>
113                <action android:name="android.intent.action.PHONE_STATE" />
114            </intent-filter>
115        </receiver>
116        -->
117        <provider
117-->[:flutter_webview_plugin] AndroidManifest.xml:9:9-18:20
118            android:name="androidx.core.content.FileProvider"
118-->[:flutter_webview_plugin] AndroidManifest.xml:10:13-62
119            android:authorities="com.team_call.fileprovider"
119-->[:flutter_webview_plugin] AndroidManifest.xml:11:13-64
120            android:exported="false"
120-->[:flutter_webview_plugin] AndroidManifest.xml:12:13-37
121            android:grantUriPermissions="true" >
121-->[:flutter_webview_plugin] AndroidManifest.xml:13:13-47
122            <meta-data
122-->[:flutter_webview_plugin] AndroidManifest.xml:15:13-17:53
123                android:name="android.support.FILE_PROVIDER_PATHS"
123-->[:flutter_webview_plugin] AndroidManifest.xml:16:17-67
124                android:resource="@xml/filepaths" />
124-->[:flutter_webview_plugin] AndroidManifest.xml:17:17-50
125        </provider>
126
127        <activity
127-->[:url_launcher] AndroidManifest.xml:8:9-11:74
128            android:name="io.flutter.plugins.urllauncher.WebViewActivity"
128-->[:url_launcher] AndroidManifest.xml:9:13-74
129            android:exported="false"
129-->[:url_launcher] AndroidManifest.xml:10:13-37
130            android:theme="@android:style/Theme.NoTitleBar.Fullscreen" />
130-->[:url_launcher] AndroidManifest.xml:11:13-71
131
132        <service
132-->[:cloud_firestore] AndroidManifest.xml:8:9-12:19
133            android:name="com.google.firebase.components.ComponentDiscoveryService"
133-->[:cloud_firestore] AndroidManifest.xml:8:18-89
134            android:directBootAware="true"
134-->[com.google.firebase:firebase-common:19.3.0] AndroidManifest.xml:34:13-43
135            android:exported="false" >
135-->[com.google.firebase:firebase-firestore:21.3.0] AndroidManifest.xml:19:13-37
136            <meta-data
136-->[:cloud_firestore] AndroidManifest.xml:9:13-11:85
137                android:name="com.google.firebase.components:io.flutter.plugins.firebase.cloudfirestore.FlutterFirebaseAppRegistrar"
137-->[:cloud_firestore] AndroidManifest.xml:10:17-133
138                android:value="com.google.firebase.components.ComponentRegistrar" />
138-->[:cloud_firestore] AndroidManifest.xml:11:17-82
139            <meta-data
139-->[:firebase_auth] AndroidManifest.xml:9:13-11:85
140                android:name="com.google.firebase.components:io.flutter.plugins.firebaseauth.FlutterFirebaseAppRegistrar"
140-->[:firebase_auth] AndroidManifest.xml:10:17-122
141                android:value="com.google.firebase.components.ComponentRegistrar" />
141-->[:firebase_auth] AndroidManifest.xml:11:17-82
142            <meta-data
142-->[:firebase_core] AndroidManifest.xml:9:13-11:85
143                android:name="com.google.firebase.components:io.flutter.plugins.firebase.core.FlutterFirebaseAppRegistrar"
143-->[:firebase_core] AndroidManifest.xml:10:17-123
144                android:value="com.google.firebase.components.ComponentRegistrar" />
144-->[:firebase_core] AndroidManifest.xml:11:17-82
145            <meta-data
145-->[com.google.firebase:firebase-firestore:21.3.0] AndroidManifest.xml:20:13-22:85
146                android:name="com.google.firebase.components:com.google.firebase.firestore.FirestoreRegistrar"
146-->[com.google.firebase:firebase-firestore:21.3.0] AndroidManifest.xml:21:17-111
147                android:value="com.google.firebase.components.ComponentRegistrar" />
147-->[com.google.firebase:firebase-firestore:21.3.0] AndroidManifest.xml:22:17-82
148            <meta-data
148-->[com.google.firebase:firebase-auth:17.0.0] AndroidManifest.xml:36:13-38:85
149                android:name="com.google.firebase.components:com.google.firebase.auth.FirebaseAuthRegistrar"
149-->[com.google.firebase:firebase-auth:17.0.0] AndroidManifest.xml:37:17-109
150                android:value="com.google.firebase.components.ComponentRegistrar" />
150-->[com.google.firebase:firebase-auth:17.0.0] AndroidManifest.xml:38:17-82
151            <meta-data
151-->[com.google.firebase:firebase-measurement-connector-impl:16.0.1] AndroidManifest.xml:28:13-30:85
152                android:name="com.google.firebase.components:com.google.firebase.analytics.connector.internal.AnalyticsConnectorRegistrar"
152-->[com.google.firebase:firebase-measurement-connector-impl:16.0.1] AndroidManifest.xml:29:17-139
153                android:value="com.google.firebase.components.ComponentRegistrar" />
153-->[com.google.firebase:firebase-measurement-connector-impl:16.0.1] AndroidManifest.xml:30:17-82
154            <meta-data
154-->[com.google.firebase:firebase-iid:16.0.0] AndroidManifest.xml:36:13-38:85
155                android:name="com.google.firebase.components:com.google.firebase.iid.Registrar"
155-->[com.google.firebase:firebase-iid:16.0.0] AndroidManifest.xml:37:17-96
156                android:value="com.google.firebase.components.ComponentRegistrar" />
156-->[com.google.firebase:firebase-iid:16.0.0] AndroidManifest.xml:38:17-82
157        </service>
158
159        <receiver android:name="com.transistorsoft.tsbackgroundfetch.FetchAlarmReceiver" />
159-->[com.transistorsoft:tsbackgroundfetch:0.5.2] AndroidManifest.xml:16:9-92
159-->[com.transistorsoft:tsbackgroundfetch:0.5.2] AndroidManifest.xml:16:19-89
160
161        <service
161-->[com.transistorsoft:tsbackgroundfetch:0.5.2] AndroidManifest.xml:18:9-21:72
162            android:name="com.transistorsoft.tsbackgroundfetch.FetchJobService"
162-->[com.transistorsoft:tsbackgroundfetch:0.5.2] AndroidManifest.xml:19:13-80
163            android:exported="true"
163-->[com.transistorsoft:tsbackgroundfetch:0.5.2] AndroidManifest.xml:20:13-36
164            android:permission="android.permission.BIND_JOB_SERVICE" />
164-->[com.transistorsoft:tsbackgroundfetch:0.5.2] AndroidManifest.xml:21:13-69
165
166        <receiver
166-->[com.transistorsoft:tsbackgroundfetch:0.5.2] AndroidManifest.xml:23:9-30:20
167            android:name="com.transistorsoft.tsbackgroundfetch.BootReceiver"
167-->[com.transistorsoft:tsbackgroundfetch:0.5.2] AndroidManifest.xml:24:13-77
168            android:exported="false" >
168-->[com.transistorsoft:tsbackgroundfetch:0.5.2] AndroidManifest.xml:25:13-37
169            <intent-filter>
169-->[com.transistorsoft:tsbackgroundfetch:0.5.2] AndroidManifest.xml:26:13-29:29
170                <action android:name="android.intent.action.BOOT_COMPLETED" />
170-->src/main/AndroidManifest.xml:76:17-78
170-->src/main/AndroidManifest.xml:76:25-76
171                <action android:name="android.intent.action.MY_PACKAGE_REPLACED" />
171-->[com.transistorsoft:tsbackgroundfetch:0.5.2] AndroidManifest.xml:28:17-84
171-->[com.transistorsoft:tsbackgroundfetch:0.5.2] AndroidManifest.xml:28:25-81
172            </intent-filter>
173        </receiver>
174
175        <activity
175-->[com.google.firebase:firebase-auth:17.0.0] AndroidManifest.xml:24:9-31:50
176            android:name="com.google.firebase.auth.internal.FederatedSignInActivity"
176-->[com.google.firebase:firebase-auth:17.0.0] AndroidManifest.xml:25:13-85
177            android:excludeFromRecents="true"
177-->[com.google.firebase:firebase-auth:17.0.0] AndroidManifest.xml:26:13-46
178            android:exported="true"
178-->[com.google.firebase:firebase-auth:17.0.0] AndroidManifest.xml:27:13-36
179            android:launchMode="singleTask"
179-->[com.google.firebase:firebase-auth:17.0.0] AndroidManifest.xml:28:13-44
180            android:permission="com.google.firebase.auth.api.gms.permission.LAUNCH_FEDERATED_SIGN_IN"
180-->[com.google.firebase:firebase-auth:17.0.0] AndroidManifest.xml:29:13-102
181            android:theme="@android:style/Theme.Translucent.NoTitleBar" />
181-->[com.google.firebase:firebase-auth:17.0.0] AndroidManifest.xml:30:13-72
182
183        <receiver
183-->[com.google.firebase:firebase-analytics:16.0.1] AndroidManifest.xml:29:9-33:20
184            android:name="com.google.android.gms.measurement.AppMeasurementReceiver"
184-->[com.google.firebase:firebase-analytics:16.0.1] AndroidManifest.xml:30:13-85
185            android:enabled="true"
185-->[com.google.firebase:firebase-analytics:16.0.1] AndroidManifest.xml:31:13-35
186            android:exported="false" >
186-->[com.google.firebase:firebase-analytics:16.0.1] AndroidManifest.xml:32:13-37
187        </receiver>
188        <receiver
188-->[com.google.firebase:firebase-analytics:16.0.1] AndroidManifest.xml:34:9-42:20
189            android:name="com.google.android.gms.measurement.AppMeasurementInstallReferrerReceiver"
189-->[com.google.firebase:firebase-analytics:16.0.1] AndroidManifest.xml:35:13-100
190            android:enabled="true"
190-->[com.google.firebase:firebase-analytics:16.0.1] AndroidManifest.xml:36:13-35
191            android:exported="true"
191-->[com.google.firebase:firebase-analytics:16.0.1] AndroidManifest.xml:37:13-36
192            android:permission="android.permission.INSTALL_PACKAGES" >
192-->[com.google.firebase:firebase-analytics:16.0.1] AndroidManifest.xml:38:13-69
193            <intent-filter>
193-->[com.google.firebase:firebase-analytics:16.0.1] AndroidManifest.xml:39:13-41:29
194                <action android:name="com.android.vending.INSTALL_REFERRER" />
194-->[com.google.firebase:firebase-analytics:16.0.1] AndroidManifest.xml:40:17-79
194-->[com.google.firebase:firebase-analytics:16.0.1] AndroidManifest.xml:40:25-76
195            </intent-filter>
196        </receiver>
197
198        <service
198-->[com.google.firebase:firebase-analytics:16.0.1] AndroidManifest.xml:44:9-47:40
199            android:name="com.google.android.gms.measurement.AppMeasurementService"
199-->[com.google.firebase:firebase-analytics:16.0.1] AndroidManifest.xml:45:13-84
200            android:enabled="true"
200-->[com.google.firebase:firebase-analytics:16.0.1] AndroidManifest.xml:46:13-35
201            android:exported="false" />
201-->[com.google.firebase:firebase-analytics:16.0.1] AndroidManifest.xml:47:13-37
202        <service
202-->[com.google.firebase:firebase-analytics:16.0.1] AndroidManifest.xml:48:9-52:72
203            android:name="com.google.android.gms.measurement.AppMeasurementJobService"
203-->[com.google.firebase:firebase-analytics:16.0.1] AndroidManifest.xml:49:13-87
204            android:enabled="true"
204-->[com.google.firebase:firebase-analytics:16.0.1] AndroidManifest.xml:50:13-35
205            android:exported="false"
205-->[com.google.firebase:firebase-analytics:16.0.1] AndroidManifest.xml:51:13-37
206            android:permission="android.permission.BIND_JOB_SERVICE" />
206-->[com.google.firebase:firebase-analytics:16.0.1] AndroidManifest.xml:52:13-69
207
208        <receiver
208-->[com.google.firebase:firebase-iid:16.0.0] AndroidManifest.xml:41:9-50:20
209            android:name="com.google.firebase.iid.FirebaseInstanceIdReceiver"
209-->[com.google.firebase:firebase-iid:16.0.0] AndroidManifest.xml:42:13-78
210            android:exported="true"
210-->[com.google.firebase:firebase-iid:16.0.0] AndroidManifest.xml:43:13-36
211            android:permission="com.google.android.c2dm.permission.SEND" >
211-->[com.google.firebase:firebase-iid:16.0.0] AndroidManifest.xml:44:13-73
212            <intent-filter>
212-->[com.google.firebase:firebase-iid:16.0.0] AndroidManifest.xml:45:13-49:29
213                <action android:name="com.google.android.c2dm.intent.RECEIVE" />
213-->[com.google.firebase:firebase-iid:16.0.0] AndroidManifest.xml:46:17-81
213-->[com.google.firebase:firebase-iid:16.0.0] AndroidManifest.xml:46:25-78
214
215                <category android:name="com.team_call" />
215-->[com.google.firebase:firebase-iid:16.0.0] AndroidManifest.xml:48:17-61
215-->[com.google.firebase:firebase-iid:16.0.0] AndroidManifest.xml:48:27-58
216            </intent-filter>
217        </receiver>
218        <!--
219             FirebaseInstanceIdService performs security checks at runtime,
220             no need for explicit permissions despite exported="true"
221        -->
222        <service
222-->[com.google.firebase:firebase-iid:16.0.0] AndroidManifest.xml:56:9-62:19
223            android:name="com.google.firebase.iid.FirebaseInstanceIdService"
223-->[com.google.firebase:firebase-iid:16.0.0] AndroidManifest.xml:57:13-77
224            android:exported="true" >
224-->[com.google.firebase:firebase-iid:16.0.0] AndroidManifest.xml:58:13-36
225            <intent-filter android:priority="-500" >
225-->[com.google.firebase:firebase-iid:16.0.0] AndroidManifest.xml:59:13-61:29
225-->[com.google.firebase:firebase-iid:16.0.0] AndroidManifest.xml:59:28-51
226                <action android:name="com.google.firebase.INSTANCE_ID_EVENT" />
226-->[com.google.firebase:firebase-iid:16.0.0] AndroidManifest.xml:60:17-80
226-->[com.google.firebase:firebase-iid:16.0.0] AndroidManifest.xml:60:25-77
227            </intent-filter>
228        </service>
229
230        <provider
230-->[com.google.firebase:firebase-common:19.3.0] AndroidManifest.xml:26:9-30:39
231            android:name="com.google.firebase.provider.FirebaseInitProvider"
231-->[com.google.firebase:firebase-common:19.3.0] AndroidManifest.xml:27:13-77
232            android:authorities="com.team_call.firebaseinitprovider"
232-->[com.google.firebase:firebase-common:19.3.0] AndroidManifest.xml:28:13-72
233            android:exported="false"
233-->[com.google.firebase:firebase-common:19.3.0] AndroidManifest.xml:29:13-37
234            android:initOrder="100" />
234-->[com.google.firebase:firebase-common:19.3.0] AndroidManifest.xml:30:13-36
235
236        <activity
236-->[com.google.android.gms:play-services-base:17.0.0] AndroidManifest.xml:23:9-26:75
237            android:name="com.google.android.gms.common.api.GoogleApiActivity"
237-->[com.google.android.gms:play-services-base:17.0.0] AndroidManifest.xml:24:13-79
238            android:exported="false"
238-->[com.google.android.gms:play-services-base:17.0.0] AndroidManifest.xml:25:13-37
239            android:theme="@android:style/Theme.Translucent.NoTitleBar" />
239-->[com.google.android.gms:play-services-base:17.0.0] AndroidManifest.xml:26:13-72
240
241        <meta-data
241-->[com.google.android.gms:play-services-basement:17.0.0] AndroidManifest.xml:23:9-25:69
242            android:name="com.google.android.gms.version"
242-->[com.google.android.gms:play-services-basement:17.0.0] AndroidManifest.xml:24:13-58
243            android:value="@integer/google_play_services_version" />
243-->[com.google.android.gms:play-services-basement:17.0.0] AndroidManifest.xml:25:13-66
244    </application>
245
246</manifest>